#
# There is insufficient memory for the Java Runtime Environment to continue.
# Native memory allocation (malloc) failed to allocate 32744 bytes for ChunkPool::allocate
# Possible reasons:
#   The system is out of physical RAM or swap space
#   The process is running with CompressedOops enabled, and the Java Heap may be blocking the growth of the native heap
# Possible solutions:
#   Reduce memory load on the system
#   Increase physical memory or swap space
#   Check if swap backing store is full
#   Decrease Java heap size (-Xmx/-Xms)
#   Decrease number of Java threads
#   Decrease Java thread stack sizes (-Xss)
#   Set larger code cache with -XX:ReservedCodeCacheSize=
#   JVM is running with Unscaled Compressed Oops mode in which the Java heap is
#     placed in the first 4GB address space. The Java Heap base address is the
#     maximum limit for the native heap growth. Please use -XX:HeapBaseMinAddress
#     to set the Java Heap base and to place the Java Heap above 4GB virtual address.
# This output file may be truncated or incomplete.
#
#  Out of Memory Error (allocation.cpp:272), pid=12140, tid=0x0000000000005778
#
# JRE version: Java(TM) SE Runtime Environment (8.0_271-b09) (build 1.8.0_271-b09)
# Java VM: Java HotSpot(TM) 64-Bit Server VM (25.271-b09 mixed mode windows-amd64 compressed oops)
# Failed to write core dump. Minidumps are not enabled by default on client versions of Windows
#

---------------  T H R E A D  ---------------

Current thread (0x000002f869c33000):  JavaThread "Daemon worker" [_thread_in_vm, id=22392, stack(0x000000fde0f00000,0x000000fde1000000)]

Stack: [0x000000fde0f00000,0x000000fde1000000]
Native frames: (J=compiled Java code, j=interpreted, Vv=VM code, C=native code)
V  [jvm.dll+0x33f6c9]

Java frames: (J=compiled Java code, j=interpreted, Vv=VM code)
J 1072  java.lang.ClassLoader.defineClass1(Ljava/lang/String;[BIILjava/security/ProtectionDomain;Ljava/lang/String;)Ljava/lang/Class; (0 bytes) @ 0x000002f854d4505f [0x000002f854d44fc0+0x9f]
J 714 C1 java.lang.ClassLoader.defineClass(Ljava/lang/String;[BIILjava/security/ProtectionDomain;)Ljava/lang/Class; (43 bytes) @ 0x000002f854be6464 [0x000002f854be5e80+0x5e4]
J 672 C1 java.net.URLClassLoader.defineClass(Ljava/lang/String;Lsun/misc/Resource;)Ljava/lang/Class; (142 bytes) @ 0x000002f854bc377c [0x000002f854bc1c00+0x1b7c]
J 585 C1 java.net.URLClassLoader$1.run()Ljava/lang/Class; (63 bytes) @ 0x000002f854b7e594 [0x000002f854b7e2e0+0x2b4]
J 584 C1 java.net.URLClassLoader$1.run()Ljava/lang/Object; (5 bytes) @ 0x000002f854b7eccc [0x000002f854b7ec40+0x8c]
v  ~StubRoutines::call_stub
J 513  java.security.AccessController.doPrivileged(Ljava/security/PrivilegedExceptionAction;Ljava/security/AccessControlContext;)Ljava/lang/Object; (0 bytes) @ 0x000002f854b40d66 [0x000002f854b40d00+0x66]
J 1496 C2 java.net.URLClassLoader.findClass(Ljava/lang/String;)Ljava/lang/Class; (47 bytes) @ 0x000002f854e6f5f0 [0x000002f854e6f560+0x90]
J 1427 C2 java.lang.ClassLoader.loadClass(Ljava/lang/String;Z)Ljava/lang/Class; (122 bytes) @ 0x000002f854e5af58 [0x000002f854e59fc0+0xf98]
J 587 C1 java.lang.ClassLoader.loadClass(Ljava/lang/String;)Ljava/lang/Class; (7 bytes) @ 0x000002f854b7df4c [0x000002f854b7de40+0x10c]
v  ~StubRoutines::call_stub
J 1072  java.lang.ClassLoader.defineClass1(Ljava/lang/String;[BIILjava/security/ProtectionDomain;Ljava/lang/String;)Ljava/lang/Class; (0 bytes) @ 0x000002f854d4505f [0x000002f854d44fc0+0x9f]
J 714 C1 java.lang.ClassLoader.defineClass(Ljava/lang/String;[BIILjava/security/ProtectionDomain;)Ljava/lang/Class; (43 bytes) @ 0x000002f854be6464 [0x000002f854be5e80+0x5e4]
J 672 C1 java.net.URLClassLoader.defineClass(Ljava/lang/String;Lsun/misc/Resource;)Ljava/lang/Class; (142 bytes) @ 0x000002f854bc377c [0x000002f854bc1c00+0x1b7c]
J 585 C1 java.net.URLClassLoader$1.run()Ljava/lang/Class; (63 bytes) @ 0x000002f854b7e594 [0x000002f854b7e2e0+0x2b4]
J 584 C1 java.net.URLClassLoader$1.run()Ljava/lang/Object; (5 bytes) @ 0x000002f854b7eccc [0x000002f854b7ec40+0x8c]
v  ~StubRoutines::call_stub
J 513  java.security.AccessController.doPrivileged(Ljava/security/PrivilegedExceptionAction;Ljava/security/AccessControlContext;)Ljava/lang/Object; (0 bytes) @ 0x000002f854b40d66 [0x000002f854b40d00+0x66]
J 1496 C2 java.net.URLClassLoader.findClass(Ljava/lang/String;)Ljava/lang/Class; (47 bytes) @ 0x000002f854e6f5f0 [0x000002f854e6f560+0x90]
J 1427 C2 java.lang.ClassLoader.loadClass(Ljava/lang/String;Z)Ljava/lang/Class; (122 bytes) @ 0x000002f854e5af58 [0x000002f854e59fc0+0xf98]
J 587 C1 java.lang.ClassLoader.loadClass(Ljava/lang/String;)Ljava/lang/Class; (7 bytes) @ 0x000002f854b7df4c [0x000002f854b7de40+0x10c]
v  ~StubRoutines::call_stub
j  org.gradle.api.internal.changedetection.state.ZipHasher.<init>(Lorg/gradle/internal/fingerprint/hashing/ResourceHasher;)V+2
j  org.gradle.internal.fingerprint.classpath.impl.ClasspathFingerprintingStrategy.runtimeClasspath(Lorg/gradle/api/internal/changedetection/state/ResourceFilter;Lorg/gradle/api/internal/changedetection/state/ResourceEntryFilter;Ljava/util/Map;Lorg/gradle/api/internal/changedetection/state/RuntimeClasspathResourceHasher;Lorg/gradle/api/internal/changedetection/state/ResourceSnapshotterCacheService;Lcom/google/common/collect/Interner;Lorg/gradle/internal/fingerprint/LineEndingSensitivity;)Lorg/gradle/internal/fingerprint/classpath/impl/ClasspathFingerprintingStrategy;+38
j  org.gradle.internal.fingerprint.classpath.impl.DefaultClasspathFingerprinter.<init>(Lorg/gradle/api/internal/changedetection/state/ResourceSnapshotterCacheService;Lorg/gradle/internal/execution/fingerprint/FileCollectionSnapshotter;Lorg/gradle/api/internal/changedetection/state/ResourceFilter;Lorg/gradle/api/internal/changedetection/state/ResourceEntryFilter;Ljava/util/Map;Lorg/gradle/api/internal/cache/StringInterner;Lorg/gradle/internal/fingerprint/LineEndingSensitivity;)V+18
j  org.gradle.internal.service.scopes.VirtualFileSystemServices$GradleUserHomeServices.createClasspathFingerprinter(Lorg/gradle/api/internal/changedetection/state/ResourceSnapshotterCacheService;Lorg/gradle/internal/execution/fingerprint/FileCollectionSnapshotter;Lorg/gradle/api/internal/cache/StringInterner;)Lorg/gradle/internal/fingerprint/classpath/ClasspathFingerprinter;+19
v  ~StubRoutines::call_stub
j  sun.reflect.NativeMethodAccessorImpl.invoke0(Ljava/lang/reflect/Method;Ljava/lang/Object;[Ljava/lang/Object;)Ljava/lang/Object;+0
j  sun.reflect.NativeMethodAccessorImpl.invoke(Ljava/lang/Object;[Ljava/lang/Object;)Ljava/lang/Object;+100
J 1582 C1 sun.reflect.DelegatingMethodAccessorImpl.invoke(Ljava/lang/Object;[Ljava/lang/Object;)Ljava/lang/Object; (10 bytes) @ 0x000002f854ea7544 [0x000002f854ea7440+0x104]
J 1357 C1 java.lang.reflect.Method.invoke(Ljava/lang/Object;[Ljava/lang/Object;)Ljava/lang/Object; (62 bytes) @ 0x000002f854e0b86c [0x000002f854e0b480+0x3ec]
j  org.gradle.internal.reflect.JavaMethod.invoke(Ljava/lang/Object;[Ljava/lang/Object;)Ljava/lang/Object;+6
j  org.gradle.internal.service.ReflectionBasedServiceMethod.invoke(Ljava/lang/Object;[Ljava/lang/Object;)Ljava/lang/Object;+6
j  org.gradle.internal.service.DefaultServiceRegistry$FactoryMethodService.invokeMethod([Ljava/lang/Object;)Ljava/lang/Object;+9
j  org.gradle.internal.service.DefaultServiceRegistry$FactoryService.createServiceInstance()Ljava/lang/Object;+7
J 1484 C1 org.gradle.internal.service.DefaultServiceRegistry$ManagedObjectServiceProvider.getInstance()Ljava/lang/Object; (47 bytes) @ 0x000002f854e6276c [0x000002f854e62520+0x24c]
J 1483 C1 org.gradle.internal.service.DefaultServiceRegistry$SingletonService.get()Ljava/lang/Object; (5 bytes) @ 0x000002f854e62f74 [0x000002f854e62e80+0xf4]
j  org.gradle.internal.service.DefaultServiceRegistry$FactoryService.assembleParameters()[Ljava/lang/Object;+44
j  org.gradle.internal.service.DefaultServiceRegistry$FactoryService.createServiceInstance()Ljava/lang/Object;+1
J 1484 C1 org.gradle.internal.service.DefaultServiceRegistry$ManagedObjectServiceProvider.getInstance()Ljava/lang/Object; (47 bytes) @ 0x000002f854e6276c [0x000002f854e62520+0x24c]
J 1483 C1 org.gradle.internal.service.DefaultServiceRegistry$SingletonService.get()Ljava/lang/Object; (5 bytes) @ 0x000002f854e62f74 [0x000002f854e62e80+0xf4]
j  org.gradle.internal.service.DefaultServiceRegistry$FactoryService.assembleParameters()[Ljava/lang/Object;+44
j  org.gradle.internal.service.DefaultServiceRegistry$FactoryService.createServiceInstance()Ljava/lang/Object;+1
J 1484 C1 org.gradle.internal.service.DefaultServiceRegistry$ManagedObjectServiceProvider.getInstance()Ljava/lang/Object; (47 bytes) @ 0x000002f854e6276c [0x000002f854e62520+0x24c]
J 1483 C1 org.gradle.internal.service.DefaultServiceRegistry$SingletonService.get()Ljava/lang/Object; (5 bytes) @ 0x000002f854e62f74 [0x000002f854e62e80+0xf4]
j  org.gradle.internal.service.DefaultServiceRegistry$FactoryService.assembleParameters()[Ljava/lang/Object;+44
j  org.gradle.internal.service.DefaultServiceRegistry$FactoryService.createServiceInstance()Ljava/lang/Object;+1
J 1484 C1 org.gradle.internal.service.DefaultServiceRegistry$ManagedObjectServiceProvider.getInstance()Ljava/lang/Object; (47 bytes) @ 0x000002f854e6276c [0x000002f854e62520+0x24c]
J 1483 C1 org.gradle.internal.service.DefaultServiceRegistry$SingletonService.get()Ljava/lang/Object; (5 bytes) @ 0x000002f854e62f74 [0x000002f854e62e80+0xf4]
j  org.gradle.internal.service.DefaultServiceRegistry$FactoryService.assembleParameters()[Ljava/lang/Object;+44
j  org.gradle.internal.service.DefaultServiceRegistry$FactoryService.createServiceInstance()Ljava/lang/Object;+1
J 1484 C1 org.gradle.internal.service.DefaultServiceRegistry$ManagedObjectServiceProvider.getInstance()Ljava/lang/Object; (47 bytes) @ 0x000002f854e6276c [0x000002f854e62520+0x24c]
J 1483 C1 org.gradle.internal.service.DefaultServiceRegistry$SingletonService.get()Ljava/lang/Object; (5 bytes) @ 0x000002f854e62f74 [0x000002f854e62e80+0xf4]
j  org.gradle.internal.service.DefaultServiceRegistry$FactoryService.assembleParameters()[Ljava/lang/Object;+44
j  org.gradle.internal.service.DefaultServiceRegistry$FactoryService.createServiceInstance()Ljava/lang/Object;+1
J 1484 C1 org.gradle.internal.service.DefaultServiceRegistry$ManagedObjectServiceProvider.getInstance()Ljava/lang/Object; (47 bytes) @ 0x000002f854e6276c [0x000002f854e62520+0x24c]
J 1483 C1 org.gradle.internal.service.DefaultServiceRegistry$SingletonService.get()Ljava/lang/Object; (5 bytes) @ 0x000002f854e62f74 [0x000002f854e62e80+0xf4]
j  org.gradle.internal.service.DefaultServiceRegistry$FactoryService.assembleParameters()[Ljava/lang/Object;+44
j  org.gradle.internal.service.DefaultServiceRegistry$FactoryService.createServiceInstance()Ljava/lang/Object;+1
J 1484 C1 org.gradle.internal.service.DefaultServiceRegistry$ManagedObjectServiceProvider.getInstance()Ljava/lang/Object; (47 bytes) @ 0x000002f854e6276c [0x000002f854e62520+0x24c]
J 1483 C1 org.gradle.internal.service.DefaultServiceRegistry$SingletonService.get()Ljava/lang/Object; (5 bytes) @ 0x000002f854e62f74 [0x000002f854e62e80+0xf4]
j  org.gradle.internal.service.DefaultServiceRegistry$FactoryService.assembleParameters()[Ljava/lang/Object;+44
j  org.gradle.internal.service.DefaultServiceRegistry$FactoryService.createServiceInstance()Ljava/lang/Object;+1
J 1484 C1 org.gradle.internal.service.DefaultServiceRegistry$ManagedObjectServiceProvider.getInstance()Ljava/lang/Object; (47 bytes) @ 0x000002f854e6276c [0x000002f854e62520+0x24c]
J 1483 C1 org.gradle.internal.service.DefaultServiceRegistry$SingletonService.get()Ljava/lang/Object; (5 bytes) @ 0x000002f854e62f74 [0x000002f854e62e80+0xf4]
j  org.gradle.internal.service.DefaultServiceRegistry$FactoryService.assembleParameters()[Ljava/lang/Object;+44
j  org.gradle.internal.service.DefaultServiceRegistry$FactoryService.createServiceInstance()Ljava/lang/Object;+1
J 1484 C1 org.gradle.internal.service.DefaultServiceRegistry$ManagedObjectServiceProvider.getInstance()Ljava/lang/Object; (47 bytes) @ 0x000002f854e6276c [0x000002f854e62520+0x24c]
J 1483 C1 org.gradle.internal.service.DefaultServiceRegistry$SingletonService.get()Ljava/lang/Object; (5 bytes) @ 0x000002f854e62f74 [0x000002f854e62e80+0xf4]
j  org.gradle.internal.service.DefaultServiceRegistry.getCollectionService(Ljava/lang/Class;Lorg/gradle/internal/service/ServiceProvider;)Lorg/gradle/internal/service/Service;+76
j  org.gradle.internal.service.DefaultServiceRegistry.getCollectionService(Ljava/lang/reflect/Type;Lorg/gradle/internal/service/ServiceProvider;)Lorg/gradle/internal/service/Service;+14
j  org.gradle.internal.service.DefaultServiceRegistry.find(Ljava/lang/reflect/Type;Lorg/gradle/internal/service/ServiceProvider;)Lorg/gradle/internal/service/Service;+77
j  org.gradle.internal.service.DefaultServiceRegistry.access$1600(Ljava/lang/reflect/Type;Lorg/gradle/internal/service/ServiceProvider;)Lorg/gradle/internal/service/Service;+2
j  org.gradle.internal.service.DefaultServiceRegistry$FactoryService.bind()V+143
J 1459 C1 org.gradle.internal.service.DefaultServiceRegistry$SingletonService.prepare()Lorg/gradle/internal/service/Service; (111 bytes) @ 0x000002f854e51eb4 [0x000002f854e51be0+0x2d4]
j  org.gradle.internal.service.DefaultServiceRegistry$SingletonService.getService(Ljava/lang/reflect/Type;)Lorg/gradle/internal/service/Service;+14
J 1529 C1 org.gradle.internal.service.DefaultServiceRegistry$OwnServices.getService(Ljava/lang/reflect/Type;)Lorg/gradle/internal/service/Service; (309 bytes) @ 0x000002f854e8070c [0x000002f854e7dfc0+0x274c]
J 1530 C1 org.gradle.internal.service.DefaultServiceRegistry$CompositeServiceProvider.getService(Ljava/lang/reflect/Type;)Lorg/gradle/internal/service/Service; (49 bytes) @ 0x000002f854e7d734 [0x000002f854e7d600+0x134]
j  org.gradle.internal.service.DefaultServiceRegistry.find(Ljava/lang/reflect/Type;Lorg/gradle/internal/service/ServiceProvider;)Lorg/gradle/internal/service/Service;+112
j  org.gradle.internal.service.DefaultServiceRegistry.getService(Ljava/lang/reflect/Type;)Lorg/gradle/internal/service/Service;+9
j  org.gradle.internal.service.DefaultServiceRegistry.find(Ljava/lang/reflect/Type;)Ljava/lang/Object;+9
j  org.gradle.internal.service.DefaultServiceRegistry.get(Ljava/lang/reflect/Type;)Ljava/lang/Object;+2
j  org.gradle.internal.service.DefaultServiceRegistry.get(Ljava/lang/Class;)Ljava/lang/Object;+3
j  org.gradle.internal.buildtree.DefaultBuildTreeContext.execute(Lorg/gradle/internal/invocation/BuildAction;)Lorg/gradle/internal/buildtree/BuildActionRunner$Result;+54
j  org.gradle.launcher.exec.BuildTreeLifecycleBuildActionExecutor.lambda$execute$0(Lorg/gradle/internal/invocation/BuildAction;Lorg/gradle/internal/buildtree/BuildTreeContext;)Lorg/gradle/internal/buildtree/BuildActionRunner$Result;+2
j  org.gradle.launcher.exec.BuildTreeLifecycleBuildActionExecutor$$Lambda$24.apply(Ljava/lang/Object;)Ljava/lang/Object;+8
j  org.gradle.internal.buildtree.BuildTreeState.run(Ljava/util/function/Function;)Ljava/lang/Object;+5
j  org.gradle.launcher.exec.BuildTreeLifecycleBuildActionExecutor.execute(Lorg/gradle/internal/invocation/BuildAction;Lorg/gradle/internal/session/BuildSessionContext;)Lorg/gradle/internal/buildtree/BuildActionRunner$Result;+161
j  org.gradle.launcher.exec.RunAsBuildOperationBuildActionExecutor$3.call(Lorg/gradle/internal/operations/BuildOperationContext;)Lorg/gradle/internal/buildtree/BuildActionRunner$Result;+25
j  org.gradle.launcher.exec.RunAsBuildOperationBuildActionExecutor$3.call(Lorg/gradle/internal/operations/BuildOperationContext;)Ljava/lang/Object;+2
j  org.gradle.internal.operations.DefaultBuildOperationRunner$CallableBuildOperationWorker.execute(Lorg/gradle/internal/operations/CallableBuildOperation;Lorg/gradle/internal/operations/BuildOperationContext;)V+3
j  org.gradle.internal.operations.DefaultBuildOperationRunner$CallableBuildOperationWorker.execute(Lorg/gradle/internal/operations/BuildOperation;Lorg/gradle/internal/operations/BuildOperationContext;)V+6
j  org.gradle.internal.operations.DefaultBuildOperationRunner$3.execute(Lorg/gradle/internal/operations/BuildOperationDescriptor;Lorg/gradle/internal/operations/BuildOperationState;Lorg/gradle/internal/operations/BuildOperationState;Lorg/gradle/internal/operations/DefaultBuildOperationRunner$ReadableBuildOperationContext;Lorg/gradle/internal/operations/DefaultBuildOperationRunner$BuildOperationExecutionListener;)Lorg/gradle/internal/operations/BuildOperation;+22
j  org.gradle.internal.operations.DefaultBuildOperationRunner$3.execute(Lorg/gradle/internal/operations/BuildOperationDescriptor;Lorg/gradle/internal/operations/BuildOperationState;Lorg/gradle/internal/operations/BuildOperationState;Lorg/gradle/internal/operations/DefaultBuildOperationRunner$ReadableBuildOperationContext;Lorg/gradle/internal/operations/DefaultBuildOperationRunner$BuildOperationExecutionListener;)Ljava/lang/Object;+8
j  org.gradle.internal.operations.DefaultBuildOperationRunner.execute(Lorg/gradle/internal/operations/BuildOperationDescriptor$Builder;Lorg/gradle/internal/operations/BuildOperationState;Lorg/gradle/internal/operations/DefaultBuildOperationRunner$BuildOperationExecution;)Ljava/lang/Object;+134
j  org.gradle.internal.operations.DefaultBuildOperationRunner.execute(Lorg/gradle/internal/operations/BuildOperation;Lorg/gradle/internal/operations/BuildOperationWorker;Lorg/gradle/internal/operations/BuildOperationState;)V+18
j  org.gradle.internal.operations.DefaultBuildOperationRunner.call(Lorg/gradle/internal/operations/CallableBuildOperation;)Ljava/lang/Object;+16
j  org.gradle.internal.operations.DefaultBuildOperationExecutor.lambda$call$2(Lorg/gradle/internal/operations/CallableBuildOperation;Lorg/gradle/internal/operations/BuildOperationState;)Ljava/lang/Object;+5
j  org.gradle.internal.operations.DefaultBuildOperationExecutor$$Lambda$23.apply(Ljava/lang/Object;)Ljava/lang/Object;+12
j  org.gradle.internal.operations.UnmanagedBuildOperationWrapper.callWithUnmanagedSupport(Lorg/gradle/internal/operations/BuildOperationState;Ljava/util/function/Function;)Ljava/lang/Object;+8
j  org.gradle.internal.operations.DefaultBuildOperationExecutor.call(Lorg/gradle/internal/operations/CallableBuildOperation;)Ljava/lang/Object;+15
j  org.gradle.launcher.exec.RunAsBuildOperationBuildActionExecutor.execute(Lorg/gradle/internal/invocation/BuildAction;Lorg/gradle/internal/session/BuildSessionContext;)Lorg/gradle/internal/buildtree/BuildActionRunner$Result;+23
j  org.gradle.launcher.exec.RunAsWorkerThreadBuildActionExecutor.lambda$execute$0(Lorg/gradle/internal/invocation/BuildAction;Lorg/gradle/internal/session/BuildSessionContext;)Lorg/gradle/internal/buildtree/BuildActionRunner$Result;+6
j  org.gradle.launcher.exec.RunAsWorkerThreadBuildActionExecutor$$Lambda$22.create()Ljava/lang/Object;+12
j  org.gradle.internal.work.DefaultWorkerLeaseService.withLocks(Ljava/lang/Iterable;Lorg/gradle/internal/Factory;)Ljava/lang/Object;+26
j  org.gradle.launcher.exec.RunAsWorkerThreadBuildActionExecutor.execute(Lorg/gradle/internal/invocation/BuildAction;Lorg/gradle/internal/session/BuildSessionContext;)Lorg/gradle/internal/buildtree/BuildActionRunner$Result;+24
j  org.gradle.tooling.internal.provider.ContinuousBuildActionExecutor.execute(Lorg/gradle/internal/invocation/BuildAction;Lorg/gradle/internal/session/BuildSessionContext;)Lorg/gradle/internal/buildtree/BuildActionRunner$Result;+58
j  org.gradle.tooling.internal.provider.SubscribableBuildActionExecutor.execute(Lorg/gradle/internal/invocation/BuildAction;Lorg/gradle/internal/session/BuildSessionContext;)Lorg/gradle/internal/buildtree/BuildActionRunner$Result;+30
j  org.gradle.internal.session.DefaultBuildSessionContext.execute(Lorg/gradle/internal/invocation/BuildAction;)Lorg/gradle/internal/buildtree/BuildActionRunner$Result;+64
j  org.gradle.tooling.internal.provider.BuildSessionLifecycleBuildActionExecuter.lambda$execute$0(Lorg/gradle/internal/invocation/BuildAction;Lorg/gradle/initialization/BuildRequestContext;Lorg/gradle/internal/session/BuildSessionContext;)Lorg/gradle/launcher/exec/BuildActionResult;+2
j  org.gradle.tooling.internal.provider.BuildSessionLifecycleBuildActionExecuter$$Lambda$15.apply(Ljava/lang/Object;)Ljava/lang/Object;+12
j  org.gradle.internal.session.BuildSessionState.run(Ljava/util/function/Function;)Ljava/lang/Object;+5
j  org.gradle.tooling.internal.provider.BuildSessionLifecycleBuildActionExecuter.execute(Lorg/gradle/internal/invocation/BuildAction;Lorg/gradle/launcher/exec/BuildActionParameters;Lorg/gradle/initialization/BuildRequestContext;)Lorg/gradle/launcher/exec/BuildActionResult;+89
j  org.gradle.tooling.internal.provider.BuildSessionLifecycleBuildActionExecuter.execute(Lorg/gradle/internal/invocation/BuildAction;Ljava/lang/Object;Ljava/lang/Object;)Lorg/gradle/launcher/exec/BuildActionResult;+10
j  org.gradle.tooling.internal.provider.GradleThreadBuildActionExecuter.execute(Lorg/gradle/internal/invocation/BuildAction;Lorg/gradle/launcher/exec/BuildActionParameters;Lorg/gradle/initialization/BuildRequestContext;)Lorg/gradle/launcher/exec/BuildActionResult;+10
j  org.gradle.tooling.internal.provider.GradleThreadBuildActionExecuter.execute(Lorg/gradle/internal/invocation/BuildAction;Ljava/lang/Object;Ljava/lang/Object;)Lorg/gradle/launcher/exec/BuildActionResult;+10
j  org.gradle.tooling.internal.provider.StartParamsValidatingActionExecuter.execute(Lorg/gradle/internal/invocation/BuildAction;Lorg/gradle/launcher/exec/BuildActionParameters;Lorg/gradle/initialization/BuildRequestContext;)Lorg/gradle/launcher/exec/BuildActionResult;+177
j  org.gradle.tooling.internal.provider.StartParamsValidatingActionExecuter.execute(Lorg/gradle/internal/invocation/BuildAction;Ljava/lang/Object;Ljava/lang/Object;)Lorg/gradle/launcher/exec/BuildActionResult;+10
j  org.gradle.tooling.internal.provider.SessionFailureReportingActionExecuter.execute(Lorg/gradle/internal/invocation/BuildAction;Lorg/gradle/launcher/exec/BuildActionParameters;Lorg/gradle/initialization/BuildRequestContext;)Lorg/gradle/launcher/exec/BuildActionResult;+7
j  org.gradle.tooling.internal.provider.SessionFailureReportingActionExecuter.execute(Lorg/gradle/internal/invocation/BuildAction;Ljava/lang/Object;Ljava/lang/Object;)Lorg/gradle/launcher/exec/BuildActionResult;+10
j  org.gradle.tooling.internal.provider.SetupLoggingActionExecuter.execute(Lorg/gradle/internal/invocation/BuildAction;Lorg/gradle/launcher/exec/BuildActionParameters;Lorg/gradle/initialization/BuildRequestContext;)Lorg/gradle/launcher/exec/BuildActionResult;+50
j  org.gradle.tooling.internal.provider.SetupLoggingActionExecuter.execute(Lorg/gradle/internal/invocation/BuildAction;Ljava/lang/Object;Ljava/lang/Object;)Lorg/gradle/launcher/exec/BuildActionResult;+10
j  org.gradle.launcher.daemon.server.exec.ExecuteBuild.doBuild(Lorg/gradle/launcher/daemon/server/api/DaemonCommandExecution;Lorg/gradle/launcher/daemon/protocol/Build;)V+117
j  org.gradle.launcher.daemon.server.exec.BuildCommandOnly.execute(Lorg/gradle/launcher/daemon/server/api/DaemonCommandExecution;)V+49
j  org.gradle.launcher.daemon.server.api.DaemonCommandExecution.proceed()Z+23
j  org.gradle.launcher.daemon.server.exec.WatchForDisconnection.execute(Lorg/gradle/launcher/daemon/server/api/DaemonCommandExecution;)V+19
j  org.gradle.launcher.daemon.server.api.DaemonCommandExecution.proceed()Z+23
j  org.gradle.launcher.daemon.server.exec.ResetDeprecationLogger.execute(Lorg/gradle/launcher/daemon/server/api/DaemonCommandExecution;)V+7
j  org.gradle.launcher.daemon.server.api.DaemonCommandExecution.proceed()Z+23
j  org.gradle.launcher.daemon.server.exec.RequestStopIfSingleUsedDaemon.execute(Lorg/gradle/launcher/daemon/server/api/DaemonCommandExecution;)V+33
j  org.gradle.launcher.daemon.server.api.DaemonCommandExecution.proceed()Z+23
j  org.gradle.launcher.daemon.server.exec.ForwardClientInput$2.create()Ljava/lang/Void;+4
j  org.gradle.launcher.daemon.server.exec.ForwardClientInput$2.create()Ljava/lang/Object;+1
j  org.gradle.util.internal.Swapper.swap(Ljava/lang/Object;Lorg/gradle/internal/Factory;)Ljava/lang/Object;+21
j  org.gradle.launcher.daemon.server.exec.ForwardClientInput.execute(Lorg/gradle/launcher/daemon/server/api/DaemonCommandExecution;)V+63
j  org.gradle.launcher.daemon.server.api.DaemonCommandExecution.proceed()Z+23
j  org.gradle.launcher.daemon.server.exec.LogAndCheckHealth.execute(Lorg/gradle/launcher/daemon/server/api/DaemonCommandExecution;)V+28
j  org.gradle.launcher.daemon.server.api.DaemonCommandExecution.proceed()Z+23
j  org.gradle.launcher.daemon.server.exec.LogToClient.doBuild(Lorg/gradle/launcher/daemon/server/api/DaemonCommandExecution;Lorg/gradle/launcher/daemon/protocol/Build;)V+87
j  org.gradle.launcher.daemon.server.exec.BuildCommandOnly.execute(Lorg/gradle/launcher/daemon/server/api/DaemonCommandExecution;)V+49
j  org.gradle.launcher.daemon.server.api.DaemonCommandExecution.proceed()Z+23
j  org.gradle.launcher.daemon.server.exec.EstablishBuildEnvironment.doBuild(Lorg/gradle/launcher/daemon/server/api/DaemonCommandExecution;Lorg/gradle/launcher/daemon/protocol/Build;)V+356
j  org.gradle.launcher.daemon.server.exec.BuildCommandOnly.execute(Lorg/gradle/launcher/daemon/server/api/DaemonCommandExecution;)V+49
j  org.gradle.launcher.daemon.server.api.DaemonCommandExecution.proceed()Z+23
j  org.gradle.launcher.daemon.server.exec.StartBuildOrRespondWithBusy$1.run()V+44
j  org.gradle.launcher.daemon.server.DaemonStateCoordinator$1.run()V+4
j  org.gradle.internal.concurrent.ExecutorPolicy$CatchAndRecordFailures.onExecute(Ljava/lang/Runnable;)V+1
j  org.gradle.internal.concurrent.ManagedExecutorImpl$1.run()V+25
j  java.util.concurrent.ThreadPoolExecutor.runWorker(Ljava/util/concurrent/ThreadPoolExecutor$Worker;)V+95
j  java.util.concurrent.ThreadPoolExecutor$Worker.run()V+5
j  org.gradle.internal.concurrent.ThreadFactoryImpl$ManagedThreadRunnable.run()V+7
j  java.lang.Thread.run()V+11
v  ~StubRoutines::call_stub

---------------  P R O C E S S  ---------------

Java Threads: ( => current thread )
  0x000002f868095800 JavaThread "Cache worker for file hash cache (C:\Users\hp\.gradle\caches\7.2\fileHashes)" [_thread_blocked, id=29552, stack(0x000000fde1500000,0x000000fde1600000)]
  0x000002f868099000 JavaThread "File lock request listener" [_thread_in_native, id=24148, stack(0x000000fde1400000,0x000000fde1500000)]
  0x000002f868098800 JavaThread "Cache worker for journal cache (C:\Users\hp\.gradle\caches\journal-1)" [_thread_blocked, id=15468, stack(0x000000fde1300000,0x000000fde1400000)]
  0x000002f869c35000 JavaThread "Daemon client event forwarder" [_thread_blocked, id=29688, stack(0x000000fde1200000,0x000000fde1300000)]
  0x000002f869c34000 JavaThread "Stdin handler" [_thread_blocked, id=24320, stack(0x000000fde1100000,0x000000fde1200000)]
  0x000002f869c2b000 JavaThread "Asynchronous log dispatcher for DefaultDaemonConnection: socket connection from /127.0.0.1:55631 to /127.0.0.1:55632" [_thread_blocked, id=14348, stack(0x000000fde1000000,0x000000fde1100000)]
=>0x000002f869c33000 JavaThread "Daemon worker" [_thread_in_vm, id=22392, stack(0x000000fde0f00000,0x000000fde1000000)]
  0x000002f869c12000 JavaThread "Cancel handler" [_thread_blocked, id=25368, stack(0x000000fde0e00000,0x000000fde0f00000)]
  0x000002f869c16800 JavaThread "Handler for socket connection from /127.0.0.1:55631 to /127.0.0.1:55632" [_thread_in_native, id=9408, stack(0x000000fde0d00000,0x000000fde0e00000)]
  0x000002f869c14800 JavaThread "Daemon" [_thread_blocked, id=17072, stack(0x000000fde0c00000,0x000000fde0d00000)]
  0x000002f869be2800 JavaThread "Daemon periodic checks" [_thread_blocked, id=1728, stack(0x000000fde0b00000,0x000000fde0c00000)]
  0x000002f869b68000 JavaThread "Incoming local TCP Connector on port 55631" [_thread_in_native, id=22016, stack(0x000000fde0a00000,0x000000fde0b00000)]
  0x000002f8697bb000 JavaThread "Daemon health stats" [_thread_blocked, id=12412, stack(0x000000fde0900000,0x000000fde0a00000)]
  0x000002f867890800 JavaThread "Service Thread" daemon [_thread_blocked, id=22896, stack(0x000000fde0700000,0x000000fde0800000)]
  0x000002f8664d5000 JavaThread "C1 CompilerThread3" daemon [_thread_blocked, id=24136, stack(0x000000fde0600000,0x000000fde0700000)]
  0x000002f8664cc800 JavaThread "C2 CompilerThread2" daemon [_thread_blocked, id=15996, stack(0x000000fde0500000,0x000000fde0600000)]
  0x000002f8664cb000 JavaThread "C2 CompilerThread1" daemon [_thread_in_native, id=18700, stack(0x000000fde0400000,0x000000fde0500000)]
  0x000002f8664c7000 JavaThread "C2 CompilerThread0" daemon [_thread_in_native, id=24764, stack(0x000000fde0300000,0x000000fde0400000)]
  0x000002f8664c6000 JavaThread "Attach Listener" daemon [_thread_blocked, id=27216, stack(0x000000fde0200000,0x000000fde0300000)]
  0x000002f8664c5800 JavaThread "Signal Dispatcher" daemon [_thread_blocked, id=20740, stack(0x000000fde0100000,0x000000fde0200000)]
  0x000002f86649b000 JavaThread "Finalizer" daemon [_thread_blocked, id=25068, stack(0x000000fde0000000,0x000000fde0100000)]
  0x000002f86648c000 JavaThread "Reference Handler" daemon [_thread_blocked, id=22184, stack(0x000000fddff00000,0x000000fde0000000)]
  0x000002f852ed0800 JavaThread "main" [_thread_blocked, id=14180, stack(0x000000fddf500000,0x000000fddf600000)]

Other Threads:
  0x000002f866463800 VMThread [stack: 0x000000fddfe00000,0x000000fddff00000] [id=12404]
  0x000002f86653d000 WatcherThread [stack: 0x000000fde0800000,0x000000fde0900000] [id=520]

VM state:not at safepoint (normal execution)

VM Mutex/Monitor currently owned by a thread: None

heap address: 0x00000000e0000000, size: 512 MB, Compressed Oops mode: 32-bit
Narrow klass base: 0x0000000000000000, Narrow klass shift: 3
Compressed class space size: 1073741824 Address: 0x0000000100000000

Heap:
 PSYoungGen      total 76288K, used 36810K [0x00000000f5580000, 0x00000000faa80000, 0x0000000100000000)
  eden space 65536K, 41% used [0x00000000f5580000,0x00000000f7056368,0x00000000f9580000)
  from space 10752K, 86% used [0x00000000fa000000,0x00000000fa91c5a8,0x00000000faa80000)
  to   space 10752K, 0% used [0x00000000f9580000,0x00000000f9580000,0x00000000fa000000)
 ParOldGen       total 175104K, used 24K [0x00000000e0000000, 0x00000000eab00000, 0x00000000f5580000)
  object space 175104K, 0% used [0x00000000e0000000,0x00000000e0006000,0x00000000eab00000)
 Metaspace       used 16299K, capacity 16856K, committed 17152K, reserved 1064960K
  class space    used 2297K, capacity 2464K, committed 2560K, reserved 1048576K

Card table byte_map: [0x000002f863ce0000,0x000002f863df0000] byte_map_base: 0x000002f8635e0000

Marking Bits: (ParMarkBitMap*) 0x000000005eb77fe0
 Begin Bits: [0x000002f863ea0000, 0x000002f8646a0000)
 End Bits:   [0x000002f8646a0000, 0x000002f864ea0000)

Polling page: 0x000002f853100000

CodeCache: size=245760Kb used=5803Kb max_used=5803Kb free=239956Kb
 bounds [0x000002f854920000, 0x000002f854ed0000, 0x000002f863920000]
 total_blobs=2036 nmethods=1619 adapters=329
 compilation: enabled

Compilation events (10 events):
Event: 1.738 Thread 0x000002f8664d5000 1621       3       jdk.internal.org.objectweb.asm.MethodWriter::visitMethodInsn (220 bytes)
Event: 1.739 Thread 0x000002f8664d5000 nmethod 1621 0x000002f854ec7050 code [0x000002f854ec7240, 0x000002f854ec78d0]
Event: 1.739 Thread 0x000002f8664d5000 1622       3       jdk.internal.org.objectweb.asm.ClassWriter::newMethodItem (91 bytes)
Event: 1.739 Thread 0x000002f8664d5000 nmethod 1622 0x000002f854ec6390 code [0x000002f854ec6580, 0x000002f854ec6c00]
Event: 1.739 Thread 0x000002f8664d5000 1619       3       jdk.internal.org.objectweb.asm.MethodWriter::visitLabel (281 bytes)
Event: 1.740 Thread 0x000002f8664d5000 nmethod 1619 0x000002f854ec5710 code [0x000002f854ec58c0, 0x000002f854ec6090]
Event: 1.740 Thread 0x000002f8664d5000 1620       3       jdk.internal.org.objectweb.asm.MethodWriter::noSuccessor (87 bytes)
Event: 1.740 Thread 0x000002f8664d5000 nmethod 1620 0x000002f854ecc050 code [0x000002f854ecc1e0, 0x000002f854ecc6d0]
Event: 1.740 Thread 0x000002f8664d5000 1623   !   3       java.lang.invoke.MemberName$Factory::resolve (145 bytes)
Event: 1.741 Thread 0x000002f8664d5000 nmethod 1623 0x000002f854ecc910 code [0x000002f854eccb00, 0x000002f854ecd390]

GC Heap History (4 events):
Event: 0.785 GC heap before
{Heap before GC invocations=1 (full 0):
 PSYoungGen      total 76288K, used 65536K [0x00000000f5580000, 0x00000000faa80000, 0x0000000100000000)
  eden space 65536K, 100% used [0x00000000f5580000,0x00000000f9580000,0x00000000f9580000)
  from space 10752K, 0% used [0x00000000fa000000,0x00000000fa000000,0x00000000faa80000)
  to   space 10752K, 0% used [0x00000000f9580000,0x00000000f9580000,0x00000000fa000000)
 ParOldGen       total 175104K, used 0K [0x00000000e0000000, 0x00000000eab00000, 0x00000000f5580000)
  object space 175104K, 0% used [0x00000000e0000000,0x00000000e0000000,0x00000000eab00000)
 Metaspace       used 7674K, capacity 7904K, committed 7936K, reserved 1056768K
  class space    used 958K, capacity 1022K, committed 1024K, reserved 1048576K
Event: 0.790 GC heap after
Heap after GC invocations=1 (full 0):
 PSYoungGen      total 76288K, used 6387K [0x00000000f5580000, 0x00000000faa80000, 0x0000000100000000)
  eden space 65536K, 0% used [0x00000000f5580000,0x00000000f5580000,0x00000000f9580000)
  from space 10752K, 59% used [0x00000000f9580000,0x00000000f9bbcc40,0x00000000fa000000)
  to   space 10752K, 0% used [0x00000000fa000000,0x00000000fa000000,0x00000000faa80000)
 ParOldGen       total 175104K, used 16K [0x00000000e0000000, 0x00000000eab00000, 0x00000000f5580000)
  object space 175104K, 0% used [0x00000000e0000000,0x00000000e0004000,0x00000000eab00000)
 Metaspace       used 7674K, capacity 7904K, committed 7936K, reserved 1056768K
  class space    used 958K, capacity 1022K, committed 1024K, reserved 1048576K
}
Event: 1.517 GC heap before
{Heap before GC invocations=2 (full 0):
 PSYoungGen      total 76288K, used 71923K [0x00000000f5580000, 0x00000000faa80000, 0x0000000100000000)
  eden space 65536K, 100% used [0x00000000f5580000,0x00000000f9580000,0x00000000f9580000)
  from space 10752K, 59% used [0x00000000f9580000,0x00000000f9bbcc40,0x00000000fa000000)
  to   space 10752K, 0% used [0x00000000fa000000,0x00000000fa000000,0x00000000faa80000)
 ParOldGen       total 175104K, used 16K [0x00000000e0000000, 0x00000000eab00000, 0x00000000f5580000)
  object space 175104K, 0% used [0x00000000e0000000,0x00000000e0004000,0x00000000eab00000)
 Metaspace       used 13911K, capacity 14356K, committed 14464K, reserved 1060864K
  class space    used 1933K, capacity 2070K, committed 2176K, reserved 1048576K
Event: 1.523 GC heap after
Heap after GC invocations=2 (full 0):
 PSYoungGen      total 76288K, used 9329K [0x00000000f5580000, 0x00000000faa80000, 0x0000000100000000)
  eden space 65536K, 0% used [0x00000000f5580000,0x00000000f5580000,0x00000000f9580000)
  from space 10752K, 86% used [0x00000000fa000000,0x00000000fa91c5a8,0x00000000faa80000)
  to   space 10752K, 0% used [0x00000000f9580000,0x00000000f9580000,0x00000000fa000000)
 ParOldGen       total 175104K, used 24K [0x00000000e0000000, 0x00000000eab00000, 0x00000000f5580000)
  object space 175104K, 0% used [0x00000000e0000000,0x00000000e0006000,0x00000000eab00000)
 Metaspace       used 13911K, capacity 14356K, committed 14464K, reserved 1060864K
  class space    used 1933K, capacity 2070K, committed 2176K, reserved 1048576K
}

Deoptimization events (10 events):
Event: 1.113 Thread 0x000002f852ed0800 Uncommon trap: reason=unstable_if action=reinterpret pc=0x000002f854c208c8 method=java.io.WinNTFileSystem.normalize(Ljava/lang/String;II)Ljava/lang/String; @ 90
Event: 1.383 Thread 0x000002f869c33000 Uncommon trap: reason=bimorphic action=maybe_recompile pc=0x000002f854da9714 method=java.util.HashMap.putVal(ILjava/lang/Object;Ljava/lang/Object;ZZ)Ljava/lang/Object; @ 253
Event: 1.383 Thread 0x000002f869c33000 Uncommon trap: reason=bimorphic action=maybe_recompile pc=0x000002f854da9714 method=java.util.HashMap.putVal(ILjava/lang/Object;Ljava/lang/Object;ZZ)Ljava/lang/Object; @ 253
Event: 1.595 Thread 0x000002f869c33000 Uncommon trap: reason=class_check action=maybe_recompile pc=0x000002f854cb8644 method=java.util.regex.Matcher.match(II)Z @ 86
Event: 1.606 Thread 0x000002f869c33000 Uncommon trap: reason=class_check action=maybe_recompile pc=0x000002f854cb8644 method=java.util.regex.Matcher.match(II)Z @ 86
Event: 1.607 Thread 0x000002f869c33000 Uncommon trap: reason=class_check action=maybe_recompile pc=0x000002f854cb8644 method=java.util.regex.Matcher.match(II)Z @ 86
Event: 1.607 Thread 0x000002f869c33000 Uncommon trap: reason=class_check action=maybe_recompile pc=0x000002f854ae3f68 method=java.util.regex.Matcher.match(II)Z @ 86
Event: 1.671 Thread 0x000002f869c33000 Uncommon trap: reason=unstable_if action=reinterpret pc=0x000002f854af9b88 method=java.io.WinNTFileSystem.resolve(Ljava/lang/String;Ljava/lang/String;)Ljava/lang/String; @ 19
Event: 1.672 Thread 0x000002f869c33000 Uncommon trap: reason=unstable_if action=reinterpret pc=0x000002f854cadbb4 method=java.io.File.getName()Ljava/lang/String; @ 16
Event: 1.672 Thread 0x000002f869c33000 Uncommon trap: reason=unstable_if action=reinterpret pc=0x000002f854ca515c method=java.lang.String.substring(I)Ljava/lang/String; @ 35

Classes redefined (0 events):
No events

Internal exceptions (10 events):
Event: 0.476 Thread 0x000002f852ed0800 Exception <a 'java/lang/ArrayIndexOutOfBoundsException'> (0x00000000f702bc80) thrown at [C:\jenkins\workspace\8-2-build-windows-amd64-cygwin\jdk8u271\605\hotspot\src\share\vm\runtime\sharedRuntime.cpp, line 609]
Event: 0.477 Thread 0x000002f852ed0800 Exception <a 'java/lang/ArrayIndexOutOfBoundsException'> (0x00000000f702dfb0) thrown at [C:\jenkins\workspace\8-2-build-windows-amd64-cygwin\jdk8u271\605\hotspot\src\share\vm\runtime\sharedRuntime.cpp, line 609]
Event: 0.477 Thread 0x000002f852ed0800 Exception <a 'java/lang/ArrayIndexOutOfBoundsException'> (0x00000000f7042f40) thrown at [C:\jenkins\workspace\8-2-build-windows-amd64-cygwin\jdk8u271\605\hotspot\src\share\vm\runtime\sharedRuntime.cpp, line 609]
Event: 0.477 Thread 0x000002f852ed0800 Exception <a 'java/lang/ArrayIndexOutOfBoundsException'> (0x00000000f7054558) thrown at [C:\jenkins\workspace\8-2-build-windows-amd64-cygwin\jdk8u271\605\hotspot\src\share\vm\runtime\sharedRuntime.cpp, line 609]
Event: 1.009 Thread 0x000002f852ed0800 Exception <a 'java/lang/NoSuchMethodError': java.lang.Object.lambda$get$0(Ljava/util/function/Supplier;Ljava/lang/Object;)Ljava/lang/Object;> (0x00000000f770d2e0) thrown at [C:\jenkins\workspace\8-2-build-windows-amd64-cygwin\jdk8u271\605\hotspot\src\shar
Event: 1.333 Thread 0x000002f852ed0800 Exception <a 'java/io/IOException'> (0x00000000f7aab798) thrown at [C:\jenkins\workspace\8-2-build-windows-amd64-cygwin\jdk8u271\605\hotspot\src\share\vm\prims\jni.cpp, line 710]
Event: 1.510 Thread 0x000002f869c33000 Exception <a 'java/lang/NoSuchMethodError': java.lang.Object.lambda$static$0(Lorg/gradle/internal/state/ModelObject;)Ljava/lang/String;> (0x00000000f94621a0) thrown at [C:\jenkins\workspace\8-2-build-windows-amd64-cygwin\jdk8u271\605\hotspot\src\share\vm\
Event: 1.707 Thread 0x000002f869c33000 Exception <a 'java/lang/NoSuchMethodError': java.lang.Object.lambda$and$0(Ljava/util/function/Predicate;Ljava/lang/Object;)Z> (0x00000000f6c6e810) thrown at [C:\jenkins\workspace\8-2-build-windows-amd64-cygwin\jdk8u271\605\hotspot\src\share\vm\interpreter
Event: 1.710 Thread 0x000002f869c33000 Exception <a 'java/lang/IncompatibleClassChangeError': Found class java.lang.Object, but interface was expected> (0x00000000f6c7ee90) thrown at [C:\jenkins\workspace\8-2-build-windows-amd64-cygwin\jdk8u271\605\hotspot\src\share\vm\interpreter\linkResolver
Event: 1.711 Thread 0x000002f869c33000 Exception <a 'java/lang/NoSuchMethodError': java.lang.Object.lambda$or$2(Ljava/util/function/Predicate;Ljava/lang/Object;)Z> (0x00000000f6c83c40) thrown at [C:\jenkins\workspace\8-2-build-windows-amd64-cygwin\jdk8u271\605\hotspot\src\share\vm\interpreter\

Events (10 events):
Event: 1.740 loading class org/gradle/api/internal/file/archive/ZipInput
Event: 1.740 loading class org/gradle/api/internal/file/archive/ZipInput done
Event: 1.741 loading class org/gradle/internal/fingerprint/hashing/ZipEntryContext
Event: 1.741 loading class org/gradle/internal/fingerprint/hashing/ZipEntryContext done
Event: 1.741 loading class org/gradle/internal/snapshot/RegularFileSnapshot
Event: 1.741 loading class org/gradle/internal/snapshot/RegularFileSnapshot done
Event: 1.741 loading class org/gradle/internal/snapshot/RegularFileSnapshot
Event: 1.741 loading class org/gradle/internal/snapshot/RegularFileSnapshot done
Event: 1.742 loading class org/gradle/internal/snapshot/FileSystemLeafSnapshot
Event: 1.742 loading class org/gradle/internal/snapshot/FileSystemLeafSnapshot done


Dynamic libraries:
0x00007ff6f5540000 - 0x00007ff6f5587000 	C:\Program Files\Java\jdk1.8.0_271\bin\java.exe
0x00007ff9a6c50000 - 0x00007ff9a6e45000 	C:\WINDOWS\SYSTEM32\ntdll.dll
0x00007ff9a5980000 - 0x00007ff9a5a3e000 	C:\WINDOWS\System32\KERNEL32.DLL
0x00007ff9a4730000 - 0x00007ff9a49f8000 	C:\WINDOWS\System32\KERNELBASE.dll
0x00007ff9a1490000 - 0x00007ff9a1520000 	C:\WINDOWS\SYSTEM32\apphelp.dll
0x00007ff9a4cb0000 - 0x00007ff9a4d5e000 	C:\WINDOWS\System32\ADVAPI32.dll
0x00007ff9a6a90000 - 0x00007ff9a6b2e000 	C:\WINDOWS\System32\msvcrt.dll
0x00007ff9a6190000 - 0x00007ff9a622c000 	C:\WINDOWS\System32\sechost.dll
0x00007ff9a4dc0000 - 0x00007ff9a4ee5000 	C:\WINDOWS\System32\RPCRT4.dll
0x00007ff9a4f50000 - 0x00007ff9a50f0000 	C:\WINDOWS\System32\USER32.dll
0x00007ff9a4400000 - 0x00007ff9a4422000 	C:\WINDOWS\System32\win32u.dll
0x00007ff9a6a60000 - 0x00007ff9a6a8b000 	C:\WINDOWS\System32\GDI32.dll
0x00007ff9a4a30000 - 0x00007ff9a4b3b000 	C:\WINDOWS\System32\gdi32full.dll
0x00007ff9a4430000 - 0x00007ff9a44cd000 	C:\WINDOWS\System32\msvcp_win.dll
0x00007ff9a4630000 - 0x00007ff9a4730000 	C:\WINDOWS\System32\ucrtbase.dll
0x00007ff987b40000 - 0x00007ff987dda000 	C:\WINDOWS\WinSxS\amd64_microsoft.windows.common-controls_6595b64144ccf1df_6.0.19041.1110_none_60b5254171f9507e\COMCTL32.dll
0x00007ff9a5180000 - 0x00007ff9a51b0000 	C:\WINDOWS\System32\IMM32.DLL
0x00007ff9a2b10000 - 0x00007ff9a2b25000 	C:\Program Files\Java\jdk1.8.0_271\jre\bin\vcruntime140.dll
0x00007ff98af00000 - 0x00007ff98af9b000 	C:\Program Files\Java\jdk1.8.0_271\jre\bin\msvcp140.dll
0x000000005e380000 - 0x000000005ebef000 	C:\Program Files\Java\jdk1.8.0_271\jre\bin\server\jvm.dll
0x00007ff9a63e0000 - 0x00007ff9a63e8000 	C:\WINDOWS\System32\PSAPI.DLL
0x00007ff9a2bf0000 - 0x00007ff9a2bf9000 	C:\WINDOWS\SYSTEM32\WSOCK32.dll
0x00007ff9a2360000 - 0x00007ff9a236a000 	C:\WINDOWS\SYSTEM32\VERSION.dll
0x00007ff9a6450000 - 0x00007ff9a64bb000 	C:\WINDOWS\System32\WS2_32.dll
0x00007ff98b0f0000 - 0x00007ff98b117000 	C:\WINDOWS\SYSTEM32\WINMM.dll
0x00007ff9a2c10000 - 0x00007ff9a2c22000 	C:\WINDOWS\SYSTEM32\kernel.appcore.dll
0x00007ff9a2310000 - 0x00007ff9a2320000 	C:\Program Files\Java\jdk1.8.0_271\jre\bin\verify.dll
0x00007ff99e890000 - 0x00007ff99e8bb000 	C:\Program Files\Java\jdk1.8.0_271\jre\bin\java.dll
0x00007ff9a22f0000 - 0x00007ff9a2308000 	C:\Program Files\Java\jdk1.8.0_271\jre\bin\zip.dll
0x00007ff9a5a40000 - 0x00007ff9a6184000 	C:\WINDOWS\System32\SHELL32.dll
0x00007ff9a2370000 - 0x00007ff9a2b04000 	C:\WINDOWS\SYSTEM32\windows.storage.dll
0x00007ff9a5450000 - 0x00007ff9a57a4000 	C:\WINDOWS\System32\combase.dll
0x00007ff9a3dd0000 - 0x00007ff9a3dfc000 	C:\WINDOWS\SYSTEM32\Wldp.dll
0x00007ff9a69b0000 - 0x00007ff9a6a5d000 	C:\WINDOWS\System32\SHCORE.dll
0x00007ff9a64e0000 - 0x00007ff9a6535000 	C:\WINDOWS\System32\shlwapi.dll
0x00007ff9a42b0000 - 0x00007ff9a42cf000 	C:\WINDOWS\SYSTEM32\profapi.dll
0x00007ff99e870000 - 0x00007ff99e88c000 	C:\Program Files\Java\jdk1.8.0_271\jre\bin\net.dll
0x00007ff9a3b30000 - 0x00007ff9a3b9a000 	C:\WINDOWS\system32\mswsock.dll
0x00007ff99df20000 - 0x00007ff99df33000 	C:\Program Files\Java\jdk1.8.0_271\jre\bin\nio.dll
0x00007ff99d660000 - 0x00007ff99d687000 	C:\Users\hp\.gradle\native\e1d6ef7f7dcc3fd88c89a11ec53ec762bb8ba0a96d01ffa2cd45eb1d1d8dd5c5\windows-amd64\native-platform.dll
0x00007ff98acb0000 - 0x00007ff98adf4000 	C:\Users\hp\.gradle\native\5664cfc778a61ccfe75a443a1ab52a65af34e5dc3c78e0209fed803814484fcb\windows-amd64\native-platform-file-events.dll
0x00007ff9a1d80000 - 0x00007ff9a1d8d000 	C:\Program Files\Java\jdk1.8.0_271\jre\bin\management.dll
0x00007ff9a3d20000 - 0x00007ff9a3d38000 	C:\WINDOWS\SYSTEM32\CRYPTSP.dll
0x00007ff9a3440000 - 0x00007ff9a3474000 	C:\WINDOWS\system32\rsaenh.dll
0x00007ff9a4a00000 - 0x00007ff9a4a27000 	C:\WINDOWS\System32\bcrypt.dll
0x00007ff9a4270000 - 0x00007ff9a429e000 	C:\WINDOWS\SYSTEM32\USERENV.dll
0x00007ff9a4370000 - 0x00007ff9a43f2000 	C:\WINDOWS\System32\bcryptprimitives.dll
0x00007ff9a3d40000 - 0x00007ff9a3d4c000 	C:\WINDOWS\SYSTEM32\CRYPTBASE.dll
0x00007ff9a37d0000 - 0x00007ff9a380b000 	C:\WINDOWS\SYSTEM32\IPHLPAPI.DLL
0x00007ff9a57c0000 - 0x00007ff9a57c8000 	C:\WINDOWS\System32\NSI.dll
0x00007ff99bd10000 - 0x00007ff99bd27000 	C:\WINDOWS\SYSTEM32\dhcpcsvc6.DLL
0x00007ff99ca90000 - 0x00007ff99caad000 	C:\WINDOWS\SYSTEM32\dhcpcsvc.DLL
0x00007ff9a3810000 - 0x00007ff9a38da000 	C:\WINDOWS\SYSTEM32\DNSAPI.dll

VM Arguments:
jvm_args: -XX:MaxMetaspaceSize=256m -XX:+HeapDumpOnOutOfMemoryError -Xms256m -Xmx512m -Dfile.encoding=windows-1252 -Duser.country=US -Duser.language=en -Duser.variant 
java_command: org.gradle.launcher.daemon.bootstrap.GradleDaemon 7.2
java_class_path (initial): C:\Users\hp\.gradle\wrapper\dists\gradle-7.2-all\260hg96vuh6ex27h9vo47iv4d\gradle-7.2\lib\gradle-launcher-7.2.jar
Launcher Type: SUN_STANDARD

Environment Variables:
JAVA_HOME=C:\Program Files\Java\jdk1.8.0_271
CLASSPATH=G:\circle\myApp\MarketIn\android\\gradle\wrapper\gradle-wrapper.jar
PATH=G:\circle\myApp\MarketIn\android\node_modules\.bin;G:\circle\myApp\MarketIn\node_modules\.bin;G:\circle\myApp\node_modules\.bin;G:\circle\node_modules\.bin;G:\node_modules\.bin;C:\Program Files\nodejs;C:\Program Files\nodejs;C:\Program Files\MySQL\MySQL Server 8.0\bin;C:\Program Files\Git\bin;C:\Program Files\Git\cmd;C:\Program Files\MySQL\MySQL Shell 8.0\bin\;C:\Users\hp\AppData\Local\Microsoft\WindowsApps;C:\Users\hp\AppData\Local\Programs\Microsoft VS Code\bin;C:\Users\hp\AppData\Local\Android\Sdk;C:\Users\hp\AppData\Local\Android\Sdk\platform-tools;C:\Users\hp\AppData\Local\GitHubDesktop\bin;C:\Users\hp\AppData\Local\Programs\MiKTeX\miktex\bin\x64\;C:\Users\hp\AppData\Roaming\npm;
USERNAME=hp
OS=Windows_NT
PROCESSOR_IDENTIFIER=Intel64 Family 6 Model 126 Stepping 5, GenuineIntel



---------------  S Y S T E M  ---------------

OS: Windows 10.0 , 64 bit Build 19041 (10.0.19041.1566)

CPU:total 8 (initial active 8) (4 cores per cpu, 2 threads per core) family 6 model 126 stepping 5, cmov, cx8, fxsr, mmx, sse, sse2, sse3, ssse3, sse4.1, sse4.2, popcnt, avx, avx2, aes, clmul, erms, 3dnowpref, lzcnt, ht, tsc, tscinvbit, bmi1, bmi2, adx

Memory: 4k page, physical 8066132k(644784k free), swap 22332496k(2068k free)

vm_info: Java HotSpot(TM) 64-Bit Server VM (25.271-b09) for windows-amd64 JRE (1.8.0_271-b09), built on Sep 16 2020 19:14:59 by "" with MS VC++ 15.9 (VS2017)

time: Fri Apr 15 12:12:09 2022
timezone: Pacific Daylight Time
elapsed time: 1.754182 seconds (0d 0h 0m 1s)

